<?xml version="1.0" encoding="UTF-8"?>
<robot generator="Robot 4.0.3 (Python 3.9.5 on win32)" generated="20210613 23:08:39.836" rpa="false" schemaversion="2">
<suite id="s1" name="LoginTest" source="C:\Users\Najeeb\PycharmProjects\SeleniumProject\testRobot\venv\LoginTest.robot">
<test id="s1-t1" name="LoginTest">
<kw name="Open Browser" library="SeleniumLibrary">
<arg>${url}</arg>
<arg>${browser}</arg>
<doc>Opens a new browser instance to the optional ``url``.</doc>
<msg timestamp="20210613 23:08:40.331" level="INFO">Opening browser 'chrome' to base url 'https://tazman.app/en/dashboard'.</msg>
<status status="PASS" starttime="20210613 23:08:40.331" endtime="20210613 23:09:14.866"/>
</kw>
<kw name="Input Text" library="SeleniumLibrary">
<arg>name:email</arg>
<arg>player@tazman.com</arg>
<doc>Types the given ``text`` into the text field identified by ``locator``.</doc>
<msg timestamp="20210613 23:09:14.866" level="INFO">Typing text 'player@tazman.com' into text field 'name:email'.</msg>
<kw name="Capture Page Screenshot" library="SeleniumLibrary">
<doc>Takes a screenshot of the current page and embeds it into a log file.</doc>
<msg timestamp="20210613 23:09:15.121" level="INFO" html="true">&lt;/td&gt;&lt;/tr&gt;&lt;tr&gt;&lt;td colspan="3"&gt;&lt;a href="selenium-screenshot-18.png"&gt;&lt;img src="selenium-screenshot-18.png" width="800px"&gt;&lt;/a&gt;</msg>
<status status="PASS" starttime="20210613 23:09:14.891" endtime="20210613 23:09:15.121"/>
</kw>
<msg timestamp="20210613 23:09:15.136" level="FAIL">Element with locator 'name:email' not found.</msg>
<status status="FAIL" starttime="20210613 23:09:14.866" endtime="20210613 23:09:15.136"/>
</kw>
<status status="FAIL" starttime="20210613 23:08:40.331" endtime="20210613 23:09:15.167">Element with locator 'name:email' not found.</status>
</test>
<status status="FAIL" starttime="20210613 23:08:39.836" endtime="20210613 23:09:15.172"/>
</suite>
<statistics>
<total>
<stat pass="0" fail="1" skip="0">All Tests</stat>
</total>
<tag>
</tag>
<suite>
<stat pass="0" fail="1" skip="0" id="s1" name="LoginTest">LoginTest</stat>
</suite>
</statistics>
<errors>
</errors>
</robot>
