<?xml version="1.0" encoding="UTF-8"?>
<robot generator="Robot 4.0.3 (Python 3.9.5 on win32)" generated="20210615 00:57:56.866" rpa="false" schemaversion="2">
<suite id="s1" name="LoginTest" source="C:\Users\Najeeb\PycharmProjects\SeleniumProject\testRobot\TestCases\LoginTest.robot">
<test id="s1-t1" name="LoginTest">
<kw name="Open Browser" library="SeleniumLibrary">
<arg>${url}</arg>
<arg>${browser}</arg>
<doc>Opens a new browser instance to the optional ``url``.</doc>
<msg timestamp="20210615 00:57:58.203" level="INFO">Opening browser 'chrome' to base url 'https://parabank.parasoft.com/parabank/admin.htm(opens%20in%20a%20new%20tab)'.</msg>
<status status="PASS" starttime="20210615 00:57:58.203" endtime="20210615 00:58:07.505"/>
</kw>
<kw name="Log">
<kw name="Maximize Browser Window" library="SeleniumLibrary">
<doc>Maximizes current browser window.</doc>
<status status="PASS" starttime="20210615 00:58:07.506" endtime="20210615 00:58:07.699"/>
</kw>
<kw name="Sleep" library="BuiltIn">
<arg>${SLOW_TIME}</arg>
<doc>Pauses the test executed for the given time.</doc>
<msg timestamp="20210615 00:58:09.714" level="INFO">Slept 2 seconds</msg>
<status status="PASS" starttime="20210615 00:58:07.700" endtime="20210615 00:58:09.714"/>
</kw>
<kw name="Input Text" library="SeleniumLibrary">
<arg>name = username</arg>
<arg>najeeb23</arg>
<doc>Types the given ``text`` into the text field identified by ``locator``.</doc>
<msg timestamp="20210615 00:58:09.714" level="INFO">Typing text 'najeeb23' into text field 'name = username'.</msg>
<status status="PASS" starttime="20210615 00:58:09.714" endtime="20210615 00:58:09.809"/>
</kw>
<kw name="Sleep" library="BuiltIn">
<arg>${SLOW_TIME}</arg>
<doc>Pauses the test executed for the given time.</doc>
<msg timestamp="20210615 00:58:11.824" level="INFO">Slept 2 seconds</msg>
<status status="PASS" starttime="20210615 00:58:09.810" endtime="20210615 00:58:11.824"/>
</kw>
<kw name="Input Text" library="SeleniumLibrary">
<arg>name = password</arg>
<arg>imtheking23</arg>
<doc>Types the given ``text`` into the text field identified by ``locator``.</doc>
<msg timestamp="20210615 00:58:11.824" level="INFO">Typing text 'imtheking23' into text field 'name = password'.</msg>
<status status="PASS" starttime="20210615 00:58:11.824" endtime="20210615 00:58:11.922"/>
</kw>
<kw name="Sleep" library="BuiltIn">
<arg>${SLOW_TIME}</arg>
<doc>Pauses the test executed for the given time.</doc>
<msg timestamp="20210615 00:58:13.926" level="INFO">Slept 2 seconds</msg>
<status status="PASS" starttime="20210615 00:58:11.923" endtime="20210615 00:58:13.926"/>
</kw>
<kw name="Click Element" library="SeleniumLibrary">
<arg>xpath = /html[1]/body[1]/div[1]/div[3]/div[1]/div[1]/form[1]/div[3]/input[1]</arg>
<doc>Click the element identified by ``locator``.</doc>
<msg timestamp="20210615 00:58:13.928" level="INFO">Clicking element 'xpath = /html[1]/body[1]/div[1]/div[3]/div[1]/div[1]/form[1]/div[3]/input[1]'.</msg>
<status status="PASS" starttime="20210615 00:58:13.927" endtime="20210615 00:58:16.950"/>
</kw>
<kw name="Sleep" library="BuiltIn">
<arg>${SLOW_TIME}</arg>
<doc>Pauses the test executed for the given time.</doc>
<msg timestamp="20210615 00:58:18.963" level="INFO">Slept 2 seconds</msg>
<status status="PASS" starttime="20210615 00:58:16.950" endtime="20210615 00:58:18.963"/>
</kw>
<kw name="Wait Until Element Is Visible" library="SeleniumLibrary">
<arg>${balance}</arg>
<doc>Waits until the element ``locator`` is visible.</doc>
<status status="PASS" starttime="20210615 00:58:18.963" endtime="20210615 00:58:18.991"/>
</kw>
<kw name="Click Element" library="SeleniumLibrary">
<arg>${balance}</arg>
<doc>Click the element identified by ``locator``.</doc>
<msg timestamp="20210615 00:58:18.991" level="INFO">Clicking element 'xpath = /html[1]/body[1]/div[1]/div[3]/div[2]/div[1]/div[1]/table[1]/tbody[1]/tr[1]/td[1]/a[1]'.</msg>
<status status="PASS" starttime="20210615 00:58:18.991" endtime="20210615 00:58:19.734"/>
</kw>
<kw name="Sleep" library="BuiltIn">
<arg>${SLOW_TIME}</arg>
<doc>Pauses the test executed for the given time.</doc>
<msg timestamp="20210615 00:58:21.738" level="INFO">Slept 2 seconds</msg>
<status status="PASS" starttime="20210615 00:58:19.734" endtime="20210615 00:58:21.738"/>
</kw>
<kw name="Click Element" library="SeleniumLibrary">
<arg>xpath = /html[1]/body[1]/div[1]/div[3]/div[2]/div[1]/div[2]/form[1]/table[1]/tbody[1]/tr[1]/td[2]/select[1]</arg>
<doc>Click the element identified by ``locator``.</doc>
<msg timestamp="20210615 00:58:21.739" level="INFO">Clicking element 'xpath = /html[1]/body[1]/div[1]/div[3]/div[2]/div[1]/div[2]/form[1]/table[1]/tbody[1]/tr[1]/td[2]/select[1]'.</msg>
<status status="PASS" starttime="20210615 00:58:21.738" endtime="20210615 00:58:21.822"/>
</kw>
<kw name="Sleep" library="BuiltIn">
<arg>${SLOW_TIME}</arg>
<doc>Pauses the test executed for the given time.</doc>
<msg timestamp="20210615 00:58:23.836" level="INFO">Slept 2 seconds</msg>
<status status="PASS" starttime="20210615 00:58:21.822" endtime="20210615 00:58:23.836"/>
</kw>
<kw name="Select From List By Label" library="SeleniumLibrary">
<arg>xpath = /html[1]/body[1]/div[1]/div[3]/div[2]/div[1]/div[2]/form[1]/table[1]/tbody[1]/tr[1]/td[2]/select[1]</arg>
<arg>January</arg>
<doc>Selects options from selection list ``locator`` by ``labels``.</doc>
<msg timestamp="20210615 00:58:23.837" level="INFO">Selecting options from selection list 'xpath = /html[1]/body[1]/div[1]/div[3]/div[2]/div[1]/div[2]/form[1]/table[1]/tbody[1]/tr[1]/td[2]/select[1]' by label January.</msg>
<status status="PASS" starttime="20210615 00:58:23.836" endtime="20210615 00:58:23.908"/>
</kw>
<kw name="Sleep" library="BuiltIn">
<arg>${SLOW_TIME}</arg>
<doc>Pauses the test executed for the given time.</doc>
<msg timestamp="20210615 00:58:25.922" level="INFO">Slept 2 seconds</msg>
<status status="PASS" starttime="20210615 00:58:23.908" endtime="20210615 00:58:25.922"/>
</kw>
<kw name="Click Element" library="SeleniumLibrary">
<arg>xpath = /html[1]/body[1]/div[1]/div[3]/div[2]/div[1]/div[2]/form[1]/table[1]/tbody[1]/tr[2]/td[2]/select[1]</arg>
<doc>Click the element identified by ``locator``.</doc>
<msg timestamp="20210615 00:58:25.922" level="INFO">Clicking element 'xpath = /html[1]/body[1]/div[1]/div[3]/div[2]/div[1]/div[2]/form[1]/table[1]/tbody[1]/tr[2]/td[2]/select[1]'.</msg>
<status status="PASS" starttime="20210615 00:58:25.922" endtime="20210615 00:58:26.035"/>
</kw>
<kw name="Sleep" library="BuiltIn">
<arg>${SLOW_TIME}</arg>
<doc>Pauses the test executed for the given time.</doc>
<msg timestamp="20210615 00:58:28.050" level="INFO">Slept 2 seconds</msg>
<status status="PASS" starttime="20210615 00:58:26.035" endtime="20210615 00:58:28.050"/>
</kw>
<kw name="Select From List By Label" library="SeleniumLibrary">
<arg>xpath = /html[1]/body[1]/div[1]/div[3]/div[2]/div[1]/div[2]/form[1]/table[1]/tbody[1]/tr[2]/td[2]/select[1]</arg>
<arg>Credit</arg>
<doc>Selects options from selection list ``locator`` by ``labels``.</doc>
<msg timestamp="20210615 00:58:28.051" level="INFO">Selecting options from selection list 'xpath = /html[1]/body[1]/div[1]/div[3]/div[2]/div[1]/div[2]/form[1]/table[1]/tbody[1]/tr[2]/td[2]/select[1]' by label Credit.</msg>
<status status="PASS" starttime="20210615 00:58:28.050" endtime="20210615 00:58:28.115"/>
</kw>
<kw name="Sleep" library="BuiltIn">
<arg>${SLOW_TIME}</arg>
<doc>Pauses the test executed for the given time.</doc>
<msg timestamp="20210615 00:58:30.124" level="INFO">Slept 2 seconds</msg>
<status status="PASS" starttime="20210615 00:58:28.115" endtime="20210615 00:58:30.124"/>
</kw>
<kw name="Click Element" library="SeleniumLibrary">
<arg>xpath = /html[1]/body[1]/div[1]/div[3]/div[2]/div[1]/div[2]/form[1]/table[1]/tbody[1]/tr[3]/td[2]/input[1]</arg>
<doc>Click the element identified by ``locator``.</doc>
<msg timestamp="20210615 00:58:30.125" level="INFO">Clicking element 'xpath = /html[1]/body[1]/div[1]/div[3]/div[2]/div[1]/div[2]/form[1]/table[1]/tbody[1]/tr[3]/td[2]/input[1]'.</msg>
<status status="PASS" starttime="20210615 00:58:30.124" endtime="20210615 00:58:30.216"/>
</kw>
<status status="PASS" starttime="20210615 00:58:07.506" endtime="20210615 00:58:30.216"/>
</kw>
<status status="PASS" starttime="20210615 00:57:58.203" endtime="20210615 00:58:30.216"/>
</test>
<test id="s1-t2" name="NewAccTest">
<kw name="OpenNewAccount">
<kw name="Sleep" library="BuiltIn">
<arg>${SLOW_TIME}</arg>
<doc>Pauses the test executed for the given time.</doc>
<msg timestamp="20210615 00:58:32.228" level="INFO">Slept 2 seconds</msg>
<status status="PASS" starttime="20210615 00:58:30.218" endtime="20210615 00:58:32.228"/>
</kw>
<kw name="Click Element" library="SeleniumLibrary">
<arg>xpath = /html[1]/body[1]/div[1]/div[3]/div[1]/ul[1]/li[1]/a[1]</arg>
<doc>Click the element identified by ``locator``.</doc>
<msg timestamp="20210615 00:58:32.229" level="INFO">Clicking element 'xpath = /html[1]/body[1]/div[1]/div[3]/div[1]/ul[1]/li[1]/a[1]'.</msg>
<status status="PASS" starttime="20210615 00:58:32.228" endtime="20210615 00:58:32.950"/>
</kw>
<status status="PASS" starttime="20210615 00:58:30.218" endtime="20210615 00:58:32.950"/>
</kw>
<kw name="Close Browser" library="SeleniumLibrary">
<doc>Closes the current browser.</doc>
<status status="PASS" starttime="20210615 00:58:32.951" endtime="20210615 00:58:35.190"/>
</kw>
<status status="PASS" starttime="20210615 00:58:30.218" endtime="20210615 00:58:35.191"/>
</test>
<status status="PASS" starttime="20210615 00:57:56.881" endtime="20210615 00:58:35.193"/>
</suite>
<statistics>
<total>
<stat pass="2" fail="0" skip="0">All Tests</stat>
</total>
<tag>
</tag>
<suite>
<stat pass="2" fail="0" skip="0" id="s1" name="LoginTest">LoginTest</stat>
</suite>
</statistics>
<errors>
</errors>
</robot>
