<?xml version="1.0" encoding="UTF-8"?>
<robot generator="Robot 4.0.3 (Python 3.9.5 on win32)" generated="20210615 00:24:56.501" rpa="false" schemaversion="2">
<suite id="s1" name="LoginTest" source="C:\Users\Najeeb\PycharmProjects\SeleniumProject\testRobot\TestCases\LoginTest.robot">
<test id="s1-t1" name="LoginTest">
<kw name="Open Browser" library="SeleniumLibrary">
<arg>${url}</arg>
<arg>${browser}</arg>
<doc>Opens a new browser instance to the optional ``url``.</doc>
<msg timestamp="20210615 00:24:56.824" level="INFO">Opening browser 'chrome' to base url 'https://parabank.parasoft.com/parabank/admin.htm(opens%20in%20a%20new%20tab)'.</msg>
<status status="PASS" starttime="20210615 00:24:56.824" endtime="20210615 00:25:01.665"/>
</kw>
<kw name="Log">
<kw name="Maximize Browser Window" library="SeleniumLibrary">
<doc>Maximizes current browser window.</doc>
<status status="PASS" starttime="20210615 00:25:01.673" endtime="20210615 00:25:01.799"/>
</kw>
<kw name="Sleep" library="BuiltIn">
<arg>${SLOW_TIME}</arg>
<doc>Pauses the test executed for the given time.</doc>
<msg timestamp="20210615 00:25:03.809" level="INFO">Slept 2 seconds</msg>
<status status="PASS" starttime="20210615 00:25:01.799" endtime="20210615 00:25:03.809"/>
</kw>
<kw name="Input Text" library="SeleniumLibrary">
<arg>name = username</arg>
<arg>najeeb23</arg>
<doc>Types the given ``text`` into the text field identified by ``locator``.</doc>
<msg timestamp="20210615 00:25:03.810" level="INFO">Typing text 'najeeb23' into text field 'name = username'.</msg>
<status status="PASS" starttime="20210615 00:25:03.809" endtime="20210615 00:25:03.888"/>
</kw>
<kw name="Sleep" library="BuiltIn">
<arg>${SLOW_TIME}</arg>
<doc>Pauses the test executed for the given time.</doc>
<msg timestamp="20210615 00:25:05.901" level="INFO">Slept 2 seconds</msg>
<status status="PASS" starttime="20210615 00:25:03.888" endtime="20210615 00:25:05.901"/>
</kw>
<kw name="Input Text" library="SeleniumLibrary">
<arg>name = password</arg>
<arg>imtheking23</arg>
<doc>Types the given ``text`` into the text field identified by ``locator``.</doc>
<msg timestamp="20210615 00:25:05.901" level="INFO">Typing text 'imtheking23' into text field 'name = password'.</msg>
<status status="PASS" starttime="20210615 00:25:05.901" endtime="20210615 00:25:05.989"/>
</kw>
<kw name="Sleep" library="BuiltIn">
<arg>${SLOW_TIME}</arg>
<doc>Pauses the test executed for the given time.</doc>
<msg timestamp="20210615 00:25:07.996" level="INFO">Slept 2 seconds</msg>
<status status="PASS" starttime="20210615 00:25:05.989" endtime="20210615 00:25:07.996"/>
</kw>
<kw name="Click Element" library="SeleniumLibrary">
<arg>xpath = /html[1]/body[1]/div[1]/div[3]/div[1]/div[1]/form[1]/div[3]/input[1]</arg>
<doc>Click the element identified by ``locator``.</doc>
<msg timestamp="20210615 00:25:07.996" level="INFO">Clicking element 'xpath = /html[1]/body[1]/div[1]/div[3]/div[1]/div[1]/form[1]/div[3]/input[1]'.</msg>
<status status="PASS" starttime="20210615 00:25:07.996" endtime="20210615 00:25:09.198"/>
</kw>
<kw name="Sleep" library="BuiltIn">
<arg>${SLOW_TIME}</arg>
<doc>Pauses the test executed for the given time.</doc>
<msg timestamp="20210615 00:25:11.206" level="INFO">Slept 2 seconds</msg>
<status status="PASS" starttime="20210615 00:25:09.199" endtime="20210615 00:25:11.206"/>
</kw>
<kw name="Wait Until Element Is Visible" library="SeleniumLibrary">
<arg>${balance}</arg>
<doc>Waits until the element ``locator`` is visible.</doc>
<status status="PASS" starttime="20210615 00:25:11.206" endtime="20210615 00:25:11.221"/>
</kw>
<kw name="Click Element" library="SeleniumLibrary">
<arg>${balance}</arg>
<doc>Click the element identified by ``locator``.</doc>
<msg timestamp="20210615 00:25:11.237" level="INFO">Clicking element 'xpath = /html[1]/body[1]/div[1]/div[3]/div[2]/div[1]/div[1]/table[1]/tbody[1]/tr[1]/td[1]/a[1]'.</msg>
<status status="PASS" starttime="20210615 00:25:11.221" endtime="20210615 00:25:11.952"/>
</kw>
<kw name="Sleep" library="BuiltIn">
<arg>${SLOW_TIME}</arg>
<doc>Pauses the test executed for the given time.</doc>
<msg timestamp="20210615 00:25:13.961" level="INFO">Slept 2 seconds</msg>
<status status="PASS" starttime="20210615 00:25:11.952" endtime="20210615 00:25:13.961"/>
</kw>
<kw name="Click Element" library="SeleniumLibrary">
<arg>xpath = /html[1]/body[1]/div[1]/div[3]/div[2]/div[1]/div[2]/form[1]/table[1]/tbody[1]/tr[1]/td[2]/select[1]</arg>
<doc>Click the element identified by ``locator``.</doc>
<msg timestamp="20210615 00:25:13.961" level="INFO">Clicking element 'xpath = /html[1]/body[1]/div[1]/div[3]/div[2]/div[1]/div[2]/form[1]/table[1]/tbody[1]/tr[1]/td[2]/select[1]'.</msg>
<status status="PASS" starttime="20210615 00:25:13.961" endtime="20210615 00:25:14.044"/>
</kw>
<kw name="Sleep" library="BuiltIn">
<arg>${SLOW_TIME}</arg>
<doc>Pauses the test executed for the given time.</doc>
<msg timestamp="20210615 00:25:16.055" level="INFO">Slept 2 seconds</msg>
<status status="PASS" starttime="20210615 00:25:14.044" endtime="20210615 00:25:16.055"/>
</kw>
<kw name="Select From List By Label" library="SeleniumLibrary">
<arg>xpath = /html[1]/body[1]/div[1]/div[3]/div[2]/div[1]/div[2]/form[1]/table[1]/tbody[1]/tr[1]/td[2]/select[1]</arg>
<arg>January</arg>
<doc>Selects options from selection list ``locator`` by ``labels``.</doc>
<msg timestamp="20210615 00:25:16.055" level="INFO">Selecting options from selection list 'xpath = /html[1]/body[1]/div[1]/div[3]/div[2]/div[1]/div[2]/form[1]/table[1]/tbody[1]/tr[1]/td[2]/select[1]' by label January.</msg>
<status status="PASS" starttime="20210615 00:25:16.055" endtime="20210615 00:25:16.126"/>
</kw>
<kw name="Sleep" library="BuiltIn">
<arg>${SLOW_TIME}</arg>
<doc>Pauses the test executed for the given time.</doc>
<msg timestamp="20210615 00:25:18.136" level="INFO">Slept 2 seconds</msg>
<status status="PASS" starttime="20210615 00:25:16.126" endtime="20210615 00:25:18.136"/>
</kw>
<kw name="Click Element" library="SeleniumLibrary">
<arg>xpath = /html[1]/body[1]/div[1]/div[3]/div[2]/div[1]/div[2]/form[1]/table[1]/tbody[1]/tr[2]/td[2]/select[1]</arg>
<doc>Click the element identified by ``locator``.</doc>
<msg timestamp="20210615 00:25:18.136" level="INFO">Clicking element 'xpath = /html[1]/body[1]/div[1]/div[3]/div[2]/div[1]/div[2]/form[1]/table[1]/tbody[1]/tr[2]/td[2]/select[1]'.</msg>
<status status="PASS" starttime="20210615 00:25:18.136" endtime="20210615 00:25:18.216"/>
</kw>
<kw name="Sleep" library="BuiltIn">
<arg>${SLOW_TIME}</arg>
<doc>Pauses the test executed for the given time.</doc>
<msg timestamp="20210615 00:25:20.225" level="INFO">Slept 2 seconds</msg>
<status status="PASS" starttime="20210615 00:25:18.216" endtime="20210615 00:25:20.225"/>
</kw>
<kw name="Select From List By Label" library="SeleniumLibrary">
<arg>xpath = /html[1]/body[1]/div[1]/div[3]/div[2]/div[1]/div[2]/form[1]/table[1]/tbody[1]/tr[2]/td[2]/select[1]</arg>
<arg>Credit</arg>
<doc>Selects options from selection list ``locator`` by ``labels``.</doc>
<msg timestamp="20210615 00:25:20.226" level="INFO">Selecting options from selection list 'xpath = /html[1]/body[1]/div[1]/div[3]/div[2]/div[1]/div[2]/form[1]/table[1]/tbody[1]/tr[2]/td[2]/select[1]' by label Credit.</msg>
<status status="PASS" starttime="20210615 00:25:20.226" endtime="20210615 00:25:20.287"/>
</kw>
<kw name="Sleep" library="BuiltIn">
<arg>${SLOW_TIME}</arg>
<doc>Pauses the test executed for the given time.</doc>
<msg timestamp="20210615 00:25:22.298" level="INFO">Slept 2 seconds</msg>
<status status="PASS" starttime="20210615 00:25:20.287" endtime="20210615 00:25:22.298"/>
</kw>
<kw name="Click Element" library="SeleniumLibrary">
<arg>xpath = /html[1]/body[1]/div[1]/div[3]/div[2]/div[1]/div[2]/form[1]/table[1]/tbody[1]/tr[3]/td[2]/input[1]</arg>
<doc>Click the element identified by ``locator``.</doc>
<msg timestamp="20210615 00:25:22.298" level="INFO">Clicking element 'xpath = /html[1]/body[1]/div[1]/div[3]/div[2]/div[1]/div[2]/form[1]/table[1]/tbody[1]/tr[3]/td[2]/input[1]'.</msg>
<status status="PASS" starttime="20210615 00:25:22.298" endtime="20210615 00:25:22.365"/>
</kw>
<status status="PASS" starttime="20210615 00:25:01.673" endtime="20210615 00:25:22.365"/>
</kw>
<status status="PASS" starttime="20210615 00:24:56.824" endtime="20210615 00:25:22.365"/>
</test>
<test id="s1-t2" name="NewAccTest">
<kw name="OpenNewAccount">
<kw name="Sleep" library="BuiltIn">
<arg>${SLOW_TIME}</arg>
<doc>Pauses the test executed for the given time.</doc>
<msg timestamp="20210615 00:25:24.378" level="INFO">Slept 2 seconds</msg>
<status status="PASS" starttime="20210615 00:25:22.365" endtime="20210615 00:25:24.378"/>
</kw>
<kw name="Click Element" library="SeleniumLibrary">
<arg>xpath = /html[1]/body[1]/div[1]/div[3]/div[1]/ul[1]/li[1]/a[1]</arg>
<doc>Click the element identified by ``locator``.</doc>
<msg timestamp="20210615 00:25:24.378" level="INFO">Clicking element 'xpath = /html[1]/body[1]/div[1]/div[3]/div[1]/ul[1]/li[1]/a[1]'.</msg>
<status status="PASS" starttime="20210615 00:25:24.378" endtime="20210615 00:25:25.115"/>
</kw>
<status status="PASS" starttime="20210615 00:25:22.365" endtime="20210615 00:25:25.116"/>
</kw>
<kw name="Close Browser" library="SeleniumLibrary">
<doc>Closes the current browser.</doc>
<status status="PASS" starttime="20210615 00:25:25.117" endtime="20210615 00:25:27.370"/>
</kw>
<status status="PASS" starttime="20210615 00:25:22.365" endtime="20210615 00:25:27.370"/>
</test>
<status status="PASS" starttime="20210615 00:24:56.501" endtime="20210615 00:25:27.370"/>
</suite>
<statistics>
<total>
<stat pass="2" fail="0" skip="0">All Tests</stat>
</total>
<tag>
</tag>
<suite>
<stat pass="2" fail="0" skip="0" id="s1" name="LoginTest">LoginTest</stat>
</suite>
</statistics>
<errors>
</errors>
</robot>
